ARM GAS  /tmp/cclgpIZr.s 			page 1


   1              		.cpu cortex-m0
   2              		.eabi_attribute 20, 1
   3              		.eabi_attribute 21, 1
   4              		.eabi_attribute 23, 3
   5              		.eabi_attribute 24, 1
   6              		.eabi_attribute 25, 1
   7              		.eabi_attribute 26, 1
   8              		.eabi_attribute 30, 1
   9              		.eabi_attribute 34, 0
  10              		.eabi_attribute 18, 4
  11              		.file	"stm32f0xx_hal_msp.c"
  12              		.text
  13              	.Ltext0:
  14              		.cfi_sections	.debug_frame
  15              		.section	.text.HAL_MspInit,"ax",%progbits
  16              		.align	1
  17              		.global	HAL_MspInit
  18              		.syntax unified
  19              		.code	16
  20              		.thumb_func
  21              		.fpu softvfp
  23              	HAL_MspInit:
  24              	.LFB35:
  25              		.file 1 "Src/stm32f0xx_hal_msp.c"
   1:Src/stm32f0xx_hal_msp.c **** /* USER CODE BEGIN Header */
   2:Src/stm32f0xx_hal_msp.c **** /**
   3:Src/stm32f0xx_hal_msp.c ****   ******************************************************************************
   4:Src/stm32f0xx_hal_msp.c ****   * File Name          : stm32f0xx_hal_msp.c
   5:Src/stm32f0xx_hal_msp.c ****   * Description        : This file provides code for the MSP Initialization 
   6:Src/stm32f0xx_hal_msp.c ****   *                      and de-Initialization codes.
   7:Src/stm32f0xx_hal_msp.c ****   ******************************************************************************
   8:Src/stm32f0xx_hal_msp.c ****   * @attention
   9:Src/stm32f0xx_hal_msp.c ****   *
  10:Src/stm32f0xx_hal_msp.c ****   * <h2><center>&copy; Copyright (c) 2020 STMicroelectronics.
  11:Src/stm32f0xx_hal_msp.c ****   * All rights reserved.</center></h2>
  12:Src/stm32f0xx_hal_msp.c ****   *
  13:Src/stm32f0xx_hal_msp.c ****   * This software component is licensed by ST under BSD 3-Clause license,
  14:Src/stm32f0xx_hal_msp.c ****   * the "License"; You may not use this file except in compliance with the
  15:Src/stm32f0xx_hal_msp.c ****   * License. You may obtain a copy of the License at:
  16:Src/stm32f0xx_hal_msp.c ****   *                        opensource.org/licenses/BSD-3-Clause
  17:Src/stm32f0xx_hal_msp.c ****   *
  18:Src/stm32f0xx_hal_msp.c ****   ******************************************************************************
  19:Src/stm32f0xx_hal_msp.c ****   */
  20:Src/stm32f0xx_hal_msp.c **** /* USER CODE END Header */
  21:Src/stm32f0xx_hal_msp.c **** 
  22:Src/stm32f0xx_hal_msp.c **** /* Includes ------------------------------------------------------------------*/
  23:Src/stm32f0xx_hal_msp.c **** #include "main.h"
  24:Src/stm32f0xx_hal_msp.c **** /* USER CODE BEGIN Includes */
  25:Src/stm32f0xx_hal_msp.c **** 
  26:Src/stm32f0xx_hal_msp.c **** /* USER CODE END Includes */
  27:Src/stm32f0xx_hal_msp.c **** 
  28:Src/stm32f0xx_hal_msp.c **** /* Private typedef -----------------------------------------------------------*/
  29:Src/stm32f0xx_hal_msp.c **** /* USER CODE BEGIN TD */
  30:Src/stm32f0xx_hal_msp.c **** 
  31:Src/stm32f0xx_hal_msp.c **** /* USER CODE END TD */
  32:Src/stm32f0xx_hal_msp.c **** 
  33:Src/stm32f0xx_hal_msp.c **** /* Private define ------------------------------------------------------------*/
ARM GAS  /tmp/cclgpIZr.s 			page 2


  34:Src/stm32f0xx_hal_msp.c **** /* USER CODE BEGIN Define */
  35:Src/stm32f0xx_hal_msp.c ****  
  36:Src/stm32f0xx_hal_msp.c **** /* USER CODE END Define */
  37:Src/stm32f0xx_hal_msp.c **** 
  38:Src/stm32f0xx_hal_msp.c **** /* Private macro -------------------------------------------------------------*/
  39:Src/stm32f0xx_hal_msp.c **** /* USER CODE BEGIN Macro */
  40:Src/stm32f0xx_hal_msp.c **** 
  41:Src/stm32f0xx_hal_msp.c **** /* USER CODE END Macro */
  42:Src/stm32f0xx_hal_msp.c **** 
  43:Src/stm32f0xx_hal_msp.c **** /* Private variables ---------------------------------------------------------*/
  44:Src/stm32f0xx_hal_msp.c **** /* USER CODE BEGIN PV */
  45:Src/stm32f0xx_hal_msp.c **** 
  46:Src/stm32f0xx_hal_msp.c **** /* USER CODE END PV */
  47:Src/stm32f0xx_hal_msp.c **** 
  48:Src/stm32f0xx_hal_msp.c **** /* Private function prototypes -----------------------------------------------*/
  49:Src/stm32f0xx_hal_msp.c **** /* USER CODE BEGIN PFP */
  50:Src/stm32f0xx_hal_msp.c **** 
  51:Src/stm32f0xx_hal_msp.c **** /* USER CODE END PFP */
  52:Src/stm32f0xx_hal_msp.c **** 
  53:Src/stm32f0xx_hal_msp.c **** /* External functions --------------------------------------------------------*/
  54:Src/stm32f0xx_hal_msp.c **** /* USER CODE BEGIN ExternalFunctions */
  55:Src/stm32f0xx_hal_msp.c **** 
  56:Src/stm32f0xx_hal_msp.c **** /* USER CODE END ExternalFunctions */
  57:Src/stm32f0xx_hal_msp.c **** 
  58:Src/stm32f0xx_hal_msp.c **** /* USER CODE BEGIN 0 */
  59:Src/stm32f0xx_hal_msp.c **** 
  60:Src/stm32f0xx_hal_msp.c **** /* USER CODE END 0 */
  61:Src/stm32f0xx_hal_msp.c **** /**
  62:Src/stm32f0xx_hal_msp.c ****   * Initializes the Global MSP.
  63:Src/stm32f0xx_hal_msp.c ****   */
  64:Src/stm32f0xx_hal_msp.c **** void HAL_MspInit(void)
  65:Src/stm32f0xx_hal_msp.c **** {
  26              		.loc 1 65 0
  27              		.cfi_startproc
  28              		@ args = 0, pretend = 0, frame = 8
  29              		@ frame_needed = 0, uses_anonymous_args = 0
  30              		@ link register save eliminated.
  31 0000 82B0     		sub	sp, sp, #8
  32              	.LCFI0:
  33              		.cfi_def_cfa_offset 8
  34              	.LBB2:
  66:Src/stm32f0xx_hal_msp.c ****   /* USER CODE BEGIN MspInit 0 */
  67:Src/stm32f0xx_hal_msp.c **** 
  68:Src/stm32f0xx_hal_msp.c ****   /* USER CODE END MspInit 0 */
  69:Src/stm32f0xx_hal_msp.c **** 
  70:Src/stm32f0xx_hal_msp.c ****   __HAL_RCC_SYSCFG_CLK_ENABLE();
  35              		.loc 1 70 0
  36 0002 0A4B     		ldr	r3, .L2
  37 0004 9969     		ldr	r1, [r3, #24]
  38 0006 0122     		movs	r2, #1
  39 0008 1143     		orrs	r1, r2
  40 000a 9961     		str	r1, [r3, #24]
  41 000c 9969     		ldr	r1, [r3, #24]
  42 000e 0A40     		ands	r2, r1
  43 0010 0092     		str	r2, [sp]
  44 0012 009A     		ldr	r2, [sp]
  45              	.LBE2:
ARM GAS  /tmp/cclgpIZr.s 			page 3


  46              	.LBB3:
  71:Src/stm32f0xx_hal_msp.c ****   __HAL_RCC_PWR_CLK_ENABLE();
  47              		.loc 1 71 0
  48 0014 DA69     		ldr	r2, [r3, #28]
  49 0016 8021     		movs	r1, #128
  50 0018 4905     		lsls	r1, r1, #21
  51 001a 0A43     		orrs	r2, r1
  52 001c DA61     		str	r2, [r3, #28]
  53 001e DB69     		ldr	r3, [r3, #28]
  54 0020 0B40     		ands	r3, r1
  55 0022 0193     		str	r3, [sp, #4]
  56 0024 019B     		ldr	r3, [sp, #4]
  57              	.LBE3:
  72:Src/stm32f0xx_hal_msp.c **** 
  73:Src/stm32f0xx_hal_msp.c ****   /* System interrupt init*/
  74:Src/stm32f0xx_hal_msp.c **** 
  75:Src/stm32f0xx_hal_msp.c ****   /* USER CODE BEGIN MspInit 1 */
  76:Src/stm32f0xx_hal_msp.c **** 
  77:Src/stm32f0xx_hal_msp.c ****   /* USER CODE END MspInit 1 */
  78:Src/stm32f0xx_hal_msp.c **** }
  58              		.loc 1 78 0
  59 0026 02B0     		add	sp, sp, #8
  60              		@ sp needed
  61 0028 7047     		bx	lr
  62              	.L3:
  63 002a C046     		.align	2
  64              	.L2:
  65 002c 00100240 		.word	1073876992
  66              		.cfi_endproc
  67              	.LFE35:
  69              		.section	.text.HAL_UART_MspInit,"ax",%progbits
  70              		.align	1
  71              		.global	HAL_UART_MspInit
  72              		.syntax unified
  73              		.code	16
  74              		.thumb_func
  75              		.fpu softvfp
  77              	HAL_UART_MspInit:
  78              	.LFB36:
  79:Src/stm32f0xx_hal_msp.c **** 
  80:Src/stm32f0xx_hal_msp.c **** /**
  81:Src/stm32f0xx_hal_msp.c **** * @brief UART MSP Initialization
  82:Src/stm32f0xx_hal_msp.c **** * This function configures the hardware resources used in this example
  83:Src/stm32f0xx_hal_msp.c **** * @param huart: UART handle pointer
  84:Src/stm32f0xx_hal_msp.c **** * @retval None
  85:Src/stm32f0xx_hal_msp.c **** */
  86:Src/stm32f0xx_hal_msp.c **** void HAL_UART_MspInit(UART_HandleTypeDef* huart)
  87:Src/stm32f0xx_hal_msp.c **** {
  79              		.loc 1 87 0
  80              		.cfi_startproc
  81              		@ args = 0, pretend = 0, frame = 32
  82              		@ frame_needed = 0, uses_anonymous_args = 0
  83              	.LVL0:
  84 0000 10B5     		push	{r4, lr}
  85              	.LCFI1:
  86              		.cfi_def_cfa_offset 8
  87              		.cfi_offset 4, -8
ARM GAS  /tmp/cclgpIZr.s 			page 4


  88              		.cfi_offset 14, -4
  89 0002 88B0     		sub	sp, sp, #32
  90              	.LCFI2:
  91              		.cfi_def_cfa_offset 40
  92 0004 0400     		movs	r4, r0
  88:Src/stm32f0xx_hal_msp.c ****   GPIO_InitTypeDef GPIO_InitStruct = {0};
  93              		.loc 1 88 0
  94 0006 1422     		movs	r2, #20
  95 0008 0021     		movs	r1, #0
  96 000a 03A8     		add	r0, sp, #12
  97              	.LVL1:
  98 000c FFF7FEFF 		bl	memset
  99              	.LVL2:
  89:Src/stm32f0xx_hal_msp.c ****   if(huart->Instance==USART1)
 100              		.loc 1 89 0
 101 0010 2268     		ldr	r2, [r4]
 102 0012 134B     		ldr	r3, .L7
 103 0014 9A42     		cmp	r2, r3
 104 0016 01D0     		beq	.L6
 105              	.L4:
  90:Src/stm32f0xx_hal_msp.c ****   {
  91:Src/stm32f0xx_hal_msp.c ****   /* USER CODE BEGIN USART1_MspInit 0 */
  92:Src/stm32f0xx_hal_msp.c **** 
  93:Src/stm32f0xx_hal_msp.c ****   /* USER CODE END USART1_MspInit 0 */
  94:Src/stm32f0xx_hal_msp.c ****     /* Peripheral clock enable */
  95:Src/stm32f0xx_hal_msp.c ****     __HAL_RCC_USART1_CLK_ENABLE();
  96:Src/stm32f0xx_hal_msp.c ****   
  97:Src/stm32f0xx_hal_msp.c ****     __HAL_RCC_GPIOA_CLK_ENABLE();
  98:Src/stm32f0xx_hal_msp.c ****     /**USART1 GPIO Configuration    
  99:Src/stm32f0xx_hal_msp.c ****     PA2     ------> USART1_TX
 100:Src/stm32f0xx_hal_msp.c ****     PA3     ------> USART1_RX 
 101:Src/stm32f0xx_hal_msp.c ****     */
 102:Src/stm32f0xx_hal_msp.c ****     GPIO_InitStruct.Pin = GPIO_PIN_2|GPIO_PIN_3;
 103:Src/stm32f0xx_hal_msp.c ****     GPIO_InitStruct.Mode = GPIO_MODE_AF_PP;
 104:Src/stm32f0xx_hal_msp.c ****     GPIO_InitStruct.Pull = GPIO_NOPULL;
 105:Src/stm32f0xx_hal_msp.c ****     GPIO_InitStruct.Speed = GPIO_SPEED_FREQ_HIGH;
 106:Src/stm32f0xx_hal_msp.c ****     GPIO_InitStruct.Alternate = GPIO_AF1_USART1;
 107:Src/stm32f0xx_hal_msp.c ****     HAL_GPIO_Init(GPIOA, &GPIO_InitStruct);
 108:Src/stm32f0xx_hal_msp.c **** 
 109:Src/stm32f0xx_hal_msp.c ****   /* USER CODE BEGIN USART1_MspInit 1 */
 110:Src/stm32f0xx_hal_msp.c **** 
 111:Src/stm32f0xx_hal_msp.c ****   /* USER CODE END USART1_MspInit 1 */
 112:Src/stm32f0xx_hal_msp.c ****   }
 113:Src/stm32f0xx_hal_msp.c **** 
 114:Src/stm32f0xx_hal_msp.c **** }
 106              		.loc 1 114 0
 107 0018 08B0     		add	sp, sp, #32
 108              		@ sp needed
 109              	.LVL3:
 110 001a 10BD     		pop	{r4, pc}
 111              	.LVL4:
 112              	.L6:
 113              	.LBB4:
  95:Src/stm32f0xx_hal_msp.c ****   
 114              		.loc 1 95 0
 115 001c 114B     		ldr	r3, .L7+4
 116 001e 9969     		ldr	r1, [r3, #24]
ARM GAS  /tmp/cclgpIZr.s 			page 5


 117 0020 8020     		movs	r0, #128
 118 0022 C001     		lsls	r0, r0, #7
 119 0024 0143     		orrs	r1, r0
 120 0026 9961     		str	r1, [r3, #24]
 121 0028 9A69     		ldr	r2, [r3, #24]
 122 002a 0240     		ands	r2, r0
 123 002c 0192     		str	r2, [sp, #4]
 124 002e 019A     		ldr	r2, [sp, #4]
 125              	.LBE4:
 126              	.LBB5:
  97:Src/stm32f0xx_hal_msp.c ****     /**USART1 GPIO Configuration    
 127              		.loc 1 97 0
 128 0030 5A69     		ldr	r2, [r3, #20]
 129 0032 8021     		movs	r1, #128
 130 0034 8902     		lsls	r1, r1, #10
 131 0036 0A43     		orrs	r2, r1
 132 0038 5A61     		str	r2, [r3, #20]
 133 003a 5B69     		ldr	r3, [r3, #20]
 134 003c 0B40     		ands	r3, r1
 135 003e 0293     		str	r3, [sp, #8]
 136 0040 029B     		ldr	r3, [sp, #8]
 137              	.LBE5:
 102:Src/stm32f0xx_hal_msp.c ****     GPIO_InitStruct.Mode = GPIO_MODE_AF_PP;
 138              		.loc 1 102 0
 139 0042 0C23     		movs	r3, #12
 140 0044 0393     		str	r3, [sp, #12]
 103:Src/stm32f0xx_hal_msp.c ****     GPIO_InitStruct.Pull = GPIO_NOPULL;
 141              		.loc 1 103 0
 142 0046 0A3B     		subs	r3, r3, #10
 143 0048 0493     		str	r3, [sp, #16]
 105:Src/stm32f0xx_hal_msp.c ****     GPIO_InitStruct.Alternate = GPIO_AF1_USART1;
 144              		.loc 1 105 0
 145 004a 0133     		adds	r3, r3, #1
 146 004c 0693     		str	r3, [sp, #24]
 106:Src/stm32f0xx_hal_msp.c ****     HAL_GPIO_Init(GPIOA, &GPIO_InitStruct);
 147              		.loc 1 106 0
 148 004e 023B     		subs	r3, r3, #2
 149 0050 0793     		str	r3, [sp, #28]
 107:Src/stm32f0xx_hal_msp.c **** 
 150              		.loc 1 107 0
 151 0052 03A9     		add	r1, sp, #12
 152 0054 9020     		movs	r0, #144
 153 0056 C005     		lsls	r0, r0, #23
 154 0058 FFF7FEFF 		bl	HAL_GPIO_Init
 155              	.LVL5:
 156              		.loc 1 114 0
 157 005c DCE7     		b	.L4
 158              	.L8:
 159 005e C046     		.align	2
 160              	.L7:
 161 0060 00380140 		.word	1073821696
 162 0064 00100240 		.word	1073876992
 163              		.cfi_endproc
 164              	.LFE36:
 166              		.section	.text.HAL_UART_MspDeInit,"ax",%progbits
 167              		.align	1
 168              		.global	HAL_UART_MspDeInit
ARM GAS  /tmp/cclgpIZr.s 			page 6


 169              		.syntax unified
 170              		.code	16
 171              		.thumb_func
 172              		.fpu softvfp
 174              	HAL_UART_MspDeInit:
 175              	.LFB37:
 115:Src/stm32f0xx_hal_msp.c **** 
 116:Src/stm32f0xx_hal_msp.c **** /**
 117:Src/stm32f0xx_hal_msp.c **** * @brief UART MSP De-Initialization
 118:Src/stm32f0xx_hal_msp.c **** * This function freeze the hardware resources used in this example
 119:Src/stm32f0xx_hal_msp.c **** * @param huart: UART handle pointer
 120:Src/stm32f0xx_hal_msp.c **** * @retval None
 121:Src/stm32f0xx_hal_msp.c **** */
 122:Src/stm32f0xx_hal_msp.c **** void HAL_UART_MspDeInit(UART_HandleTypeDef* huart)
 123:Src/stm32f0xx_hal_msp.c **** {
 176              		.loc 1 123 0
 177              		.cfi_startproc
 178              		@ args = 0, pretend = 0, frame = 0
 179              		@ frame_needed = 0, uses_anonymous_args = 0
 180              	.LVL6:
 181 0000 10B5     		push	{r4, lr}
 182              	.LCFI3:
 183              		.cfi_def_cfa_offset 8
 184              		.cfi_offset 4, -8
 185              		.cfi_offset 14, -4
 124:Src/stm32f0xx_hal_msp.c ****   if(huart->Instance==USART1)
 186              		.loc 1 124 0
 187 0002 0268     		ldr	r2, [r0]
 188 0004 074B     		ldr	r3, .L12
 189 0006 9A42     		cmp	r2, r3
 190 0008 00D0     		beq	.L11
 191              	.LVL7:
 192              	.L9:
 125:Src/stm32f0xx_hal_msp.c ****   {
 126:Src/stm32f0xx_hal_msp.c ****   /* USER CODE BEGIN USART1_MspDeInit 0 */
 127:Src/stm32f0xx_hal_msp.c **** 
 128:Src/stm32f0xx_hal_msp.c ****   /* USER CODE END USART1_MspDeInit 0 */
 129:Src/stm32f0xx_hal_msp.c ****     /* Peripheral clock disable */
 130:Src/stm32f0xx_hal_msp.c ****     __HAL_RCC_USART1_CLK_DISABLE();
 131:Src/stm32f0xx_hal_msp.c ****   
 132:Src/stm32f0xx_hal_msp.c ****     /**USART1 GPIO Configuration    
 133:Src/stm32f0xx_hal_msp.c ****     PA2     ------> USART1_TX
 134:Src/stm32f0xx_hal_msp.c ****     PA3     ------> USART1_RX 
 135:Src/stm32f0xx_hal_msp.c ****     */
 136:Src/stm32f0xx_hal_msp.c ****     HAL_GPIO_DeInit(GPIOA, GPIO_PIN_2|GPIO_PIN_3);
 137:Src/stm32f0xx_hal_msp.c **** 
 138:Src/stm32f0xx_hal_msp.c ****   /* USER CODE BEGIN USART1_MspDeInit 1 */
 139:Src/stm32f0xx_hal_msp.c **** 
 140:Src/stm32f0xx_hal_msp.c ****   /* USER CODE END USART1_MspDeInit 1 */
 141:Src/stm32f0xx_hal_msp.c ****   }
 142:Src/stm32f0xx_hal_msp.c **** 
 143:Src/stm32f0xx_hal_msp.c **** }
 193              		.loc 1 143 0
 194              		@ sp needed
 195 000a 10BD     		pop	{r4, pc}
 196              	.LVL8:
 197              	.L11:
ARM GAS  /tmp/cclgpIZr.s 			page 7


 130:Src/stm32f0xx_hal_msp.c ****   
 198              		.loc 1 130 0
 199 000c 064A     		ldr	r2, .L12+4
 200 000e 9369     		ldr	r3, [r2, #24]
 201 0010 0649     		ldr	r1, .L12+8
 202 0012 0B40     		ands	r3, r1
 203 0014 9361     		str	r3, [r2, #24]
 136:Src/stm32f0xx_hal_msp.c **** 
 204              		.loc 1 136 0
 205 0016 0C21     		movs	r1, #12
 206 0018 9020     		movs	r0, #144
 207              	.LVL9:
 208 001a C005     		lsls	r0, r0, #23
 209 001c FFF7FEFF 		bl	HAL_GPIO_DeInit
 210              	.LVL10:
 211              		.loc 1 143 0
 212 0020 F3E7     		b	.L9
 213              	.L13:
 214 0022 C046     		.align	2
 215              	.L12:
 216 0024 00380140 		.word	1073821696
 217 0028 00100240 		.word	1073876992
 218 002c FFBFFFFF 		.word	-16385
 219              		.cfi_endproc
 220              	.LFE37:
 222              		.text
 223              	.Letext0:
 224              		.file 2 "/usr/include/newlib/machine/_default_types.h"
 225              		.file 3 "/usr/include/newlib/sys/_stdint.h"
 226              		.file 4 "Drivers/CMSIS/Device/ST/STM32F0xx/Include/system_stm32f0xx.h"
 227              		.file 5 "Drivers/CMSIS/Device/ST/STM32F0xx/Include/stm32f030x6.h"
 228              		.file 6 "/usr/include/newlib/sys/lock.h"
 229              		.file 7 "/usr/include/newlib/sys/_types.h"
 230              		.file 8 "/usr/lib/gcc/arm-none-eabi/6.3.1/include/stddef.h"
 231              		.file 9 "/usr/include/newlib/sys/reent.h"
 232              		.file 10 "Drivers/STM32F0xx_HAL_Driver/Inc/stm32f0xx_hal_def.h"
 233              		.file 11 "Drivers/STM32F0xx_HAL_Driver/Inc/stm32f0xx_hal_gpio.h"
 234              		.file 12 "Drivers/STM32F0xx_HAL_Driver/Inc/stm32f0xx_hal_dma.h"
 235              		.file 13 "Drivers/STM32F0xx_HAL_Driver/Inc/stm32f0xx_hal_uart.h"
ARM GAS  /tmp/cclgpIZr.s 			page 8


DEFINED SYMBOLS
                            *ABS*:0000000000000000 stm32f0xx_hal_msp.c
     /tmp/cclgpIZr.s:16     .text.HAL_MspInit:0000000000000000 $t
     /tmp/cclgpIZr.s:23     .text.HAL_MspInit:0000000000000000 HAL_MspInit
     /tmp/cclgpIZr.s:65     .text.HAL_MspInit:000000000000002c $d
     /tmp/cclgpIZr.s:70     .text.HAL_UART_MspInit:0000000000000000 $t
     /tmp/cclgpIZr.s:77     .text.HAL_UART_MspInit:0000000000000000 HAL_UART_MspInit
     /tmp/cclgpIZr.s:161    .text.HAL_UART_MspInit:0000000000000060 $d
     /tmp/cclgpIZr.s:167    .text.HAL_UART_MspDeInit:0000000000000000 $t
     /tmp/cclgpIZr.s:174    .text.HAL_UART_MspDeInit:0000000000000000 HAL_UART_MspDeInit
     /tmp/cclgpIZr.s:216    .text.HAL_UART_MspDeInit:0000000000000024 $d
                     .debug_frame:0000000000000010 $d

UNDEFINED SYMBOLS
memset
HAL_GPIO_Init
HAL_GPIO_DeInit
